nohup: ignoring input
Traceback (most recent call last):
  File "/root/trading_bot/atbot.py", line 13, in <module>
    import alpaca_trade_api as tradeapi
ModuleNotFoundError: No module named 'alpaca_trade_api'
2026-05-24 04:28:36,828 - INFO - ================================================================================
2026-05-24 04:28:36,828 - INFO - 🚀 ATBOT v3.1 PRODUCTION - LIVE TRADING
2026-05-24 04:28:36,828 - INFO - ================================================================================
2026-05-24 04:28:36,828 - ERROR - ❌ Load state error: 'trades'
2026-05-24 04:28:37,558 - ERROR - ❌ ATBOT Connection error: unauthorized.
2026-05-24 04:28:37,558 - ERROR - ❌ ATBOT: Failed to connect to Alpaca
2026-05-24 04:28:45,710 - INFO - ================================================================================
2026-05-24 04:28:45,710 - INFO - ================================================================================
2026-05-24 04:28:45,710 - INFO - 🚀 ATBOT v3.1 PRODUCTION - LIVE TRADING
2026-05-24 04:28:45,710 - INFO - 🚀 ATBOT v3.1 PRODUCTION - LIVE TRADING
2026-05-24 04:28:45,710 - INFO - ================================================================================
2026-05-24 04:28:45,710 - INFO - ================================================================================
2026-05-24 04:28:45,710 - ERROR - ❌ Load state error: 'trades'
2026-05-24 04:28:45,710 - ERROR - ❌ Load state error: 'trades'
2026-05-24 04:28:46,445 - ERROR - ❌ ATBOT Connection error: unauthorized.
2026-05-24 04:28:46,445 - ERROR - ❌ ATBOT Connection error: unauthorized.
2026-05-24 04:28:46,446 - ERROR - ❌ ATBOT: Failed to connect to Alpaca
2026-05-24 04:28:46,446 - ERROR - ❌ ATBOT: Failed to connect to Alpaca

================================================================================
🚀 ATBOT v3.1 PRODUCTION - LIVE TRADING
================================================================================
2026-05-24 04:43:27,553 - INFO - ================================================================================
2026-05-24 04:43:27,553 - INFO - 🚀 ATBOT v3.1 PRODUCTION - LIVE TRADING
2026-05-24 04:43:27,553 - INFO - ================================================================================
2026-05-24 04:43:27,553 - ERROR - ❌ Load state error: 'trades'
2026-05-24 04:43:27,553 - ERROR - ❌ ATBOT Connection error: ('Key ID must be given to access Alpaca trade API', ' (env: APCA_API_KEY_ID)')
2026-05-24 04:43:27,553 - ERROR - ❌ ATBOT: Failed to connect to Alpaca
python-dotenv could not parse statement starting at line 1
2026-05-24 04:44:05,808 - INFO - ================================================================================
2026-05-24 04:44:05,808 - INFO - ================================================================================
2026-05-24 04:44:05,808 - INFO - 🚀 ATBOT v3.1 PRODUCTION - LIVE TRADING
2026-05-24 04:44:05,808 - INFO - 🚀 ATBOT v3.1 PRODUCTION - LIVE TRADING
2026-05-24 04:44:05,808 - INFO - ================================================================================
2026-05-24 04:44:05,808 - INFO - ================================================================================
2026-05-24 04:44:05,808 - ERROR - ❌ Load state error: 'trades'
2026-05-24 04:44:05,808 - ERROR - ❌ Load state error: 'trades'
2026-05-24 04:44:05,808 - ERROR - ❌ ATBOT Connection error: ('Key ID must be given to access Alpaca trade API', ' (env: APCA_API_KEY_ID)')
2026-05-24 04:44:05,808 - ERROR - ❌ ATBOT Connection error: ('Key ID must be given to access Alpaca trade API', ' (env: APCA_API_KEY_ID)')
2026-05-24 04:44:05,808 - ERROR - ❌ ATBOT: Failed to connect to Alpaca
2026-05-24 04:44:05,808 - ERROR - ❌ ATBOT: Failed to connect to Alpaca

================================================================================
🚀 ATBOT v3.1 PRODUCTION - LIVE TRADING
================================================================================
