2026-05-24 04:28:37,687 - INFO - ================================================================================
2026-05-24 04:28:37,687 - INFO - 🚀 PS2TRADEB v3.1 PRODUCTION - PAPER TRADING
2026-05-24 04:28:37,687 - INFO - ================================================================================
2026-05-24 04:28:37,687 - INFO - 🔐 Validating Binance API credentials...
2026-05-24 04:28:37,688 - ERROR - ❌ BINANCE_API_KEY appears to be placeholder text
2026-05-24 04:28:37,688 - ERROR - ❌ PS2TRADEB startup error: ❌ Invalid Binance API credentials in .env file
2026-05-24 04:28:37,688 - ERROR - SETUP REQUIRED:
2026-05-24 04:28:37,688 - ERROR - 1. Edit /root/btbot/.env
2026-05-24 04:28:37,688 - ERROR - 2. Add your Binance API credentials:
2026-05-24 04:28:37,688 - ERROR -    BINANCE_API_KEY=your_key
2026-05-24 04:28:37,688 - ERROR -    BINANCE_SECRET_KEY=your_secret
2026-05-24 04:28:37,688 - ERROR - 3. Save and restart bot
2026-05-24 04:28:45,472 - INFO - ================================================================================
2026-05-24 04:28:45,472 - INFO - ================================================================================
2026-05-24 04:28:45,472 - INFO - 🚀 PS2TRADEB v3.1 PRODUCTION - PAPER TRADING
2026-05-24 04:28:45,472 - INFO - 🚀 PS2TRADEB v3.1 PRODUCTION - PAPER TRADING
2026-05-24 04:28:45,472 - INFO - ================================================================================
2026-05-24 04:28:45,472 - INFO - ================================================================================
2026-05-24 04:28:45,472 - INFO - 🔐 Validating Binance API credentials...
2026-05-24 04:28:45,472 - INFO - 🔐 Validating Binance API credentials...
2026-05-24 04:28:45,472 - ERROR - ❌ BINANCE_API_KEY appears to be placeholder text
2026-05-24 04:28:45,472 - ERROR - ❌ BINANCE_API_KEY appears to be placeholder text
2026-05-24 04:28:45,472 - ERROR - ❌ PS2TRADEB startup error: ❌ Invalid Binance API credentials in .env file
2026-05-24 04:28:45,472 - ERROR - ❌ PS2TRADEB startup error: ❌ Invalid Binance API credentials in .env file
2026-05-24 04:28:45,472 - ERROR - SETUP REQUIRED:
2026-05-24 04:28:45,472 - ERROR - SETUP REQUIRED:
2026-05-24 04:28:45,472 - ERROR - 1. Edit /root/btbot/.env
2026-05-24 04:28:45,472 - ERROR - 1. Edit /root/btbot/.env
2026-05-24 04:28:45,472 - ERROR - 2. Add your Binance API credentials:
2026-05-24 04:28:45,472 - ERROR - 2. Add your Binance API credentials:
2026-05-24 04:28:45,472 - ERROR -    BINANCE_API_KEY=your_key
2026-05-24 04:28:45,472 - ERROR -    BINANCE_API_KEY=your_key
2026-05-24 04:28:45,472 - ERROR -    BINANCE_SECRET_KEY=your_secret
2026-05-24 04:28:45,472 - ERROR -    BINANCE_SECRET_KEY=your_secret
2026-05-24 04:28:45,472 - ERROR - 3. Save and restart bot
2026-05-24 04:28:45,472 - ERROR - 3. Save and restart bot

================================================================================
🚀 PS2TRADEB v3.1 PRODUCTION - PAPER TRADING
================================================================================
2026-05-24 04:43:36,597 - INFO - ================================================================================
2026-05-24 04:43:36,597 - INFO - 🚀 PS2TRADEB v3.1 PRODUCTION - PAPER TRADING
2026-05-24 04:43:36,597 - INFO - ================================================================================
2026-05-24 04:43:36,597 - INFO - 🔐 Validating Binance API credentials...
2026-05-24 04:43:36,598 - ERROR - ❌ BINANCE_API_KEY not found in .env
2026-05-24 04:43:36,598 - ERROR - ❌ PS2TRADEB startup error: ❌ Invalid Binance API credentials in .env file
2026-05-24 04:43:36,598 - ERROR - SETUP REQUIRED:
2026-05-24 04:43:36,598 - ERROR - 1. Edit /root/btbot/.env
2026-05-24 04:43:36,598 - ERROR - 2. Add your Binance API credentials:
2026-05-24 04:43:36,598 - ERROR -    BINANCE_API_KEY=your_key
2026-05-24 04:43:36,598 - ERROR -    BINANCE_SECRET_KEY=your_secret
2026-05-24 04:43:36,598 - ERROR - 3. Save and restart bot
python-dotenv could not parse statement starting at line 1
2026-05-24 04:44:05,573 - INFO - ================================================================================
2026-05-24 04:44:05,573 - INFO - ================================================================================
2026-05-24 04:44:05,573 - INFO - 🚀 PS2TRADEB v3.1 PRODUCTION - PAPER TRADING
2026-05-24 04:44:05,573 - INFO - 🚀 PS2TRADEB v3.1 PRODUCTION - PAPER TRADING
2026-05-24 04:44:05,573 - INFO - ================================================================================
2026-05-24 04:44:05,573 - INFO - ================================================================================
2026-05-24 04:44:05,573 - INFO - 🔐 Validating Binance API credentials...
2026-05-24 04:44:05,573 - INFO - 🔐 Validating Binance API credentials...
2026-05-24 04:44:05,573 - ERROR - ❌ BINANCE_API_KEY not found in .env
2026-05-24 04:44:05,573 - ERROR - ❌ BINANCE_API_KEY not found in .env
2026-05-24 04:44:05,573 - ERROR - ❌ PS2TRADEB startup error: ❌ Invalid Binance API credentials in .env file
2026-05-24 04:44:05,573 - ERROR - ❌ PS2TRADEB startup error: ❌ Invalid Binance API credentials in .env file
2026-05-24 04:44:05,573 - ERROR - SETUP REQUIRED:
2026-05-24 04:44:05,573 - ERROR - SETUP REQUIRED:
2026-05-24 04:44:05,573 - ERROR - 1. Edit /root/btbot/.env
2026-05-24 04:44:05,573 - ERROR - 1. Edit /root/btbot/.env
2026-05-24 04:44:05,573 - ERROR - 2. Add your Binance API credentials:
2026-05-24 04:44:05,573 - ERROR - 2. Add your Binance API credentials:
2026-05-24 04:44:05,573 - ERROR -    BINANCE_API_KEY=your_key
2026-05-24 04:44:05,573 - ERROR -    BINANCE_API_KEY=your_key
2026-05-24 04:44:05,573 - ERROR -    BINANCE_SECRET_KEY=your_secret
2026-05-24 04:44:05,573 - ERROR -    BINANCE_SECRET_KEY=your_secret
2026-05-24 04:44:05,573 - ERROR - 3. Save and restart bot
2026-05-24 04:44:05,573 - ERROR - 3. Save and restart bot

================================================================================
🚀 PS2TRADEB v3.1 PRODUCTION - PAPER TRADING
================================================================================
2026-05-24 04:47:16,732 - INFO - ================================================================================
2026-05-24 04:47:16,732 - INFO - 🚀 PS2TRADEB v3.1 PRODUCTION - PAPER TRADING
2026-05-24 04:47:16,732 - INFO - ================================================================================
2026-05-24 04:47:16,732 - INFO - 🔐 Validating Binance API credentials...
2026-05-24 04:47:16,732 - INFO - ✅ Credentials format validated
2026-05-24 04:47:16,732 - INFO - ✅ PS2TRADEB: Paper API connected
2026-05-24 04:47:16,919 - ERROR - ❌ PS2TRADEB: HTTP 400 - {"code":-1102,"msg":"Mandatory parameter 'signature' was not sent, was empty/null, or malformed."}
2026-05-24 04:47:16,919 - INFO - 🚀 Starting trading loop...
2026-05-24 04:47:48,149 - INFO - ⏱️ PS2TRADEB cycle 2: checking 5 pairs
2026-05-24 04:48:49,334 - INFO - ⏱️ PS2TRADEB cycle 4: checking 5 pairs
2026-05-24 04:49:50,637 - INFO - ⏱️ PS2TRADEB cycle 6: checking 5 pairs
2026-05-24 04:50:51,901 - INFO - ⏱️ PS2TRADEB cycle 8: checking 5 pairs
2026-05-24 04:51:53,064 - INFO - ⏱️ PS2TRADEB cycle 10: checking 5 pairs
2026-05-24 04:52:54,289 - INFO - ⏱️ PS2TRADEB cycle 12: checking 5 pairs
2026-05-24 04:53:55,499 - INFO - ⏱️ PS2TRADEB cycle 14: checking 5 pairs
2026-05-24 04:54:56,855 - INFO - ⏱️ PS2TRADEB cycle 16: checking 5 pairs
2026-05-24 04:55:58,132 - INFO - ⏱️ PS2TRADEB cycle 18: checking 5 pairs
2026-05-24 04:56:59,391 - INFO - ⏱️ PS2TRADEB cycle 20: checking 5 pairs
2026-05-24 04:58:00,611 - INFO - ⏱️ PS2TRADEB cycle 22: checking 5 pairs
2026-05-24 04:59:01,822 - INFO - ⏱️ PS2TRADEB cycle 24: checking 5 pairs
2026-05-24 05:00:03,096 - INFO - ⏱️ PS2TRADEB cycle 26: checking 5 pairs
2026-05-24 05:01:04,277 - INFO - ⏱️ PS2TRADEB cycle 28: checking 5 pairs
2026-05-24 05:02:05,500 - INFO - ⏱️ PS2TRADEB cycle 30: checking 5 pairs
2026-05-24 05:03:06,836 - INFO - ⏱️ PS2TRADEB cycle 32: checking 5 pairs
2026-05-24 05:04:08,104 - INFO - ⏱️ PS2TRADEB cycle 34: checking 5 pairs
2026-05-24 05:05:09,300 - INFO - ⏱️ PS2TRADEB cycle 36: checking 5 pairs
2026-05-24 05:06:10,626 - INFO - ⏱️ PS2TRADEB cycle 38: checking 5 pairs
2026-05-24 05:07:11,924 - INFO - ⏱️ PS2TRADEB cycle 40: checking 5 pairs
2026-05-24 05:08:13,129 - INFO - ⏱️ PS2TRADEB cycle 42: checking 5 pairs
2026-05-24 05:09:14,365 - INFO - ⏱️ PS2TRADEB cycle 44: checking 5 pairs
2026-05-24 05:10:15,549 - INFO - ⏱️ PS2TRADEB cycle 46: checking 5 pairs
2026-05-24 05:11:16,918 - INFO - ⏱️ PS2TRADEB cycle 48: checking 5 pairs
2026-05-24 05:12:18,276 - INFO - ⏱️ PS2TRADEB cycle 50: checking 5 pairs
2026-05-24 05:13:19,491 - INFO - ⏱️ PS2TRADEB cycle 52: checking 5 pairs
2026-05-24 05:14:20,683 - INFO - ⏱️ PS2TRADEB cycle 54: checking 5 pairs
2026-05-24 05:15:21,927 - INFO - ⏱️ PS2TRADEB cycle 56: checking 5 pairs
2026-05-24 05:16:23,184 - INFO - ⏱️ PS2TRADEB cycle 58: checking 5 pairs
2026-05-24 05:17:24,374 - INFO - ⏱️ PS2TRADEB cycle 60: checking 5 pairs
2026-05-24 05:18:25,625 - INFO - ⏱️ PS2TRADEB cycle 62: checking 5 pairs
2026-05-24 05:19:27,131 - INFO - ⏱️ PS2TRADEB cycle 64: checking 5 pairs
2026-05-24 05:20:28,561 - INFO - ⏱️ PS2TRADEB cycle 66: checking 5 pairs
2026-05-24 05:20:51,030 - INFO - ================================================================================
2026-05-24 05:20:51,030 - INFO - ================================================================================
2026-05-24 05:20:51,030 - INFO - 🚀 PS2TRADEB v3.1 PRODUCTION - PAPER TRADING
2026-05-24 05:20:51,030 - INFO - 🚀 PS2TRADEB v3.1 PRODUCTION - PAPER TRADING
2026-05-24 05:20:51,030 - INFO - ================================================================================
2026-05-24 05:20:51,030 - INFO - ================================================================================
2026-05-24 05:20:51,030 - INFO - 🔐 Validating Binance API credentials...
2026-05-24 05:20:51,030 - INFO - 🔐 Validating Binance API credentials...
2026-05-24 05:20:51,030 - INFO - ✅ Credentials format validated
2026-05-24 05:20:51,030 - INFO - ✅ Credentials format validated
2026-05-24 05:20:51,030 - INFO - ✅ PS2TRADEB: Paper API connected
2026-05-24 05:20:51,030 - INFO - ✅ PS2TRADEB: Paper API connected
2026-05-24 05:20:51,169 - ERROR - ❌ PS2TRADEB: HTTP 400 - {"code":-1102,"msg":"Mandatory parameter 'signature' was not sent, was empty/null, or malformed."}
2026-05-24 05:20:51,169 - ERROR - ❌ PS2TRADEB: HTTP 400 - {"code":-1102,"msg":"Mandatory parameter 'signature' was not sent, was empty/null, or malformed."}
2026-05-24 05:20:51,169 - INFO - 🚀 Starting trading loop...
2026-05-24 05:20:51,169 - INFO - 🚀 Starting trading loop...
2026-05-24 05:21:21,276 - INFO - ================================================================================
2026-05-24 05:21:21,276 - INFO - ================================================================================
2026-05-24 05:21:21,277 - INFO - 🚀 PS2TRADEB v3.1 PRODUCTION - PAPER TRADING
2026-05-24 05:21:21,277 - INFO - 🚀 PS2TRADEB v3.1 PRODUCTION - PAPER TRADING
2026-05-24 05:21:21,277 - INFO - ================================================================================
2026-05-24 05:21:21,277 - INFO - ================================================================================
2026-05-24 05:21:21,277 - INFO - 🔐 Validating Binance API credentials...
2026-05-24 05:21:21,277 - INFO - 🔐 Validating Binance API credentials...
2026-05-24 05:21:21,277 - INFO - ✅ Credentials format validated
2026-05-24 05:21:21,277 - INFO - ✅ Credentials format validated
2026-05-24 05:21:21,277 - INFO - ✅ PS2TRADEB: Paper API connected
2026-05-24 05:21:21,277 - INFO - ✅ PS2TRADEB: Paper API connected
2026-05-24 05:21:21,420 - ERROR - ❌ PS2TRADEB: HTTP 400 - {"code":-1102,"msg":"Mandatory parameter 'signature' was not sent, was empty/null, or malformed."}
2026-05-24 05:21:21,420 - ERROR - ❌ PS2TRADEB: HTTP 400 - {"code":-1102,"msg":"Mandatory parameter 'signature' was not sent, was empty/null, or malformed."}
2026-05-24 05:21:21,421 - INFO - 🚀 Starting trading loop...
2026-05-24 05:21:21,421 - INFO - 🚀 Starting trading loop...
2026-05-24 05:21:52,624 - INFO - ⏱️ PS2TRADEB cycle 2: checking 5 pairs
2026-05-24 05:21:52,624 - INFO - ⏱️ PS2TRADEB cycle 2: checking 5 pairs
2026-05-24 05:22:53,789 - INFO - ⏱️ PS2TRADEB cycle 4: checking 5 pairs
2026-05-24 05:22:53,789 - INFO - ⏱️ PS2TRADEB cycle 4: checking 5 pairs
2026-05-24 05:23:55,044 - INFO - ⏱️ PS2TRADEB cycle 6: checking 5 pairs
2026-05-24 05:23:55,044 - INFO - ⏱️ PS2TRADEB cycle 6: checking 5 pairs
2026-05-24 05:24:56,213 - INFO - ⏱️ PS2TRADEB cycle 8: checking 5 pairs
2026-05-24 05:24:56,213 - INFO - ⏱️ PS2TRADEB cycle 8: checking 5 pairs
2026-05-24 05:25:57,674 - INFO - ⏱️ PS2TRADEB cycle 10: checking 5 pairs
2026-05-24 05:25:57,674 - INFO - ⏱️ PS2TRADEB cycle 10: checking 5 pairs
2026-05-24 05:26:58,839 - INFO - ⏱️ PS2TRADEB cycle 12: checking 5 pairs
2026-05-24 05:26:58,839 - INFO - ⏱️ PS2TRADEB cycle 12: checking 5 pairs
2026-05-24 05:28:00,107 - INFO - ⏱️ PS2TRADEB cycle 14: checking 5 pairs
2026-05-24 05:28:00,107 - INFO - ⏱️ PS2TRADEB cycle 14: checking 5 pairs
2026-05-24 05:29:01,248 - INFO - ⏱️ PS2TRADEB cycle 16: checking 5 pairs
2026-05-24 05:29:01,248 - INFO - ⏱️ PS2TRADEB cycle 16: checking 5 pairs
2026-05-24 05:30:02,482 - INFO - ⏱️ PS2TRADEB cycle 18: checking 5 pairs
2026-05-24 05:30:02,482 - INFO - ⏱️ PS2TRADEB cycle 18: checking 5 pairs
2026-05-24 05:31:03,786 - INFO - ⏱️ PS2TRADEB cycle 20: checking 5 pairs
2026-05-24 05:31:03,786 - INFO - ⏱️ PS2TRADEB cycle 20: checking 5 pairs
2026-05-24 05:32:04,989 - INFO - ⏱️ PS2TRADEB cycle 22: checking 5 pairs
2026-05-24 05:32:04,989 - INFO - ⏱️ PS2TRADEB cycle 22: checking 5 pairs
2026-05-24 05:33:06,214 - INFO - ⏱️ PS2TRADEB cycle 24: checking 5 pairs
2026-05-24 05:33:06,214 - INFO - ⏱️ PS2TRADEB cycle 24: checking 5 pairs
2026-05-24 05:34:07,602 - INFO - ⏱️ PS2TRADEB cycle 26: checking 5 pairs
2026-05-24 05:34:07,602 - INFO - ⏱️ PS2TRADEB cycle 26: checking 5 pairs
2026-05-24 05:35:09,071 - INFO - ⏱️ PS2TRADEB cycle 28: checking 5 pairs
2026-05-24 05:35:09,071 - INFO - ⏱️ PS2TRADEB cycle 28: checking 5 pairs
2026-05-24 05:36:10,249 - INFO - ⏱️ PS2TRADEB cycle 30: checking 5 pairs
2026-05-24 05:36:10,249 - INFO - ⏱️ PS2TRADEB cycle 30: checking 5 pairs
2026-05-24 05:37:11,488 - INFO - ⏱️ PS2TRADEB cycle 32: checking 5 pairs
2026-05-24 05:37:11,488 - INFO - ⏱️ PS2TRADEB cycle 32: checking 5 pairs
2026-05-24 05:38:12,758 - INFO - ⏱️ PS2TRADEB cycle 34: checking 5 pairs
2026-05-24 05:38:12,758 - INFO - ⏱️ PS2TRADEB cycle 34: checking 5 pairs
2026-05-24 05:39:13,979 - INFO - ⏱️ PS2TRADEB cycle 36: checking 5 pairs
2026-05-24 05:39:13,979 - INFO - ⏱️ PS2TRADEB cycle 36: checking 5 pairs
2026-05-24 05:40:15,184 - INFO - ⏱️ PS2TRADEB cycle 38: checking 5 pairs
2026-05-24 05:40:15,184 - INFO - ⏱️ PS2TRADEB cycle 38: checking 5 pairs
2026-05-24 05:41:16,341 - INFO - ⏱️ PS2TRADEB cycle 40: checking 5 pairs
2026-05-24 05:41:16,341 - INFO - ⏱️ PS2TRADEB cycle 40: checking 5 pairs
2026-05-24 05:42:17,921 - INFO - ⏱️ PS2TRADEB cycle 42: checking 5 pairs
2026-05-24 05:42:17,921 - INFO - ⏱️ PS2TRADEB cycle 42: checking 5 pairs
2026-05-24 05:43:19,370 - INFO - ⏱️ PS2TRADEB cycle 44: checking 5 pairs
2026-05-24 05:43:19,370 - INFO - ⏱️ PS2TRADEB cycle 44: checking 5 pairs
2026-05-24 05:44:20,573 - INFO - ⏱️ PS2TRADEB cycle 46: checking 5 pairs
2026-05-24 05:44:20,573 - INFO - ⏱️ PS2TRADEB cycle 46: checking 5 pairs
2026-05-24 05:45:21,802 - INFO - ⏱️ PS2TRADEB cycle 48: checking 5 pairs
2026-05-24 05:45:21,802 - INFO - ⏱️ PS2TRADEB cycle 48: checking 5 pairs
2026-05-24 05:46:23,034 - INFO - ⏱️ PS2TRADEB cycle 50: checking 5 pairs
2026-05-24 05:46:23,034 - INFO - ⏱️ PS2TRADEB cycle 50: checking 5 pairs
2026-05-24 05:47:24,230 - INFO - ⏱️ PS2TRADEB cycle 52: checking 5 pairs
2026-05-24 05:47:24,230 - INFO - ⏱️ PS2TRADEB cycle 52: checking 5 pairs
2026-05-24 05:48:25,507 - INFO - ⏱️ PS2TRADEB cycle 54: checking 5 pairs
2026-05-24 05:48:25,507 - INFO - ⏱️ PS2TRADEB cycle 54: checking 5 pairs
2026-05-24 05:49:26,766 - INFO - ⏱️ PS2TRADEB cycle 56: checking 5 pairs
2026-05-24 05:49:26,766 - INFO - ⏱️ PS2TRADEB cycle 56: checking 5 pairs
2026-05-24 05:50:28,021 - INFO - ⏱️ PS2TRADEB cycle 58: checking 5 pairs
2026-05-24 05:50:28,021 - INFO - ⏱️ PS2TRADEB cycle 58: checking 5 pairs
2026-05-24 05:51:29,437 - INFO - ⏱️ PS2TRADEB cycle 60: checking 5 pairs
2026-05-24 05:51:29,437 - INFO - ⏱️ PS2TRADEB cycle 60: checking 5 pairs
2026-05-24 05:52:30,705 - INFO - ⏱️ PS2TRADEB cycle 62: checking 5 pairs
2026-05-24 05:52:30,705 - INFO - ⏱️ PS2TRADEB cycle 62: checking 5 pairs
2026-05-24 05:53:31,965 - INFO - ⏱️ PS2TRADEB cycle 64: checking 5 pairs
2026-05-24 05:53:31,965 - INFO - ⏱️ PS2TRADEB cycle 64: checking 5 pairs
2026-05-24 05:54:33,239 - INFO - ⏱️ PS2TRADEB cycle 66: checking 5 pairs
2026-05-24 05:54:33,239 - INFO - ⏱️ PS2TRADEB cycle 66: checking 5 pairs
2026-05-24 05:55:34,480 - INFO - ⏱️ PS2TRADEB cycle 68: checking 5 pairs
2026-05-24 05:55:34,480 - INFO - ⏱️ PS2TRADEB cycle 68: checking 5 pairs
2026-05-24 05:56:35,658 - INFO - ⏱️ PS2TRADEB cycle 70: checking 5 pairs
2026-05-24 05:56:35,658 - INFO - ⏱️ PS2TRADEB cycle 70: checking 5 pairs
2026-05-24 05:57:36,909 - INFO - ⏱️ PS2TRADEB cycle 72: checking 5 pairs
2026-05-24 05:57:36,909 - INFO - ⏱️ PS2TRADEB cycle 72: checking 5 pairs
2026-05-24 05:58:38,088 - INFO - ⏱️ PS2TRADEB cycle 74: checking 5 pairs
2026-05-24 05:58:38,088 - INFO - ⏱️ PS2TRADEB cycle 74: checking 5 pairs
2026-05-24 05:59:39,456 - INFO - ⏱️ PS2TRADEB cycle 76: checking 5 pairs
2026-05-24 05:59:39,456 - INFO - ⏱️ PS2TRADEB cycle 76: checking 5 pairs
2026-05-24 06:00:40,658 - INFO - ⏱️ PS2TRADEB cycle 78: checking 5 pairs
2026-05-24 06:00:40,658 - INFO - ⏱️ PS2TRADEB cycle 78: checking 5 pairs
2026-05-24 06:01:41,975 - INFO - ⏱️ PS2TRADEB cycle 80: checking 5 pairs
2026-05-24 06:01:41,975 - INFO - ⏱️ PS2TRADEB cycle 80: checking 5 pairs
2026-05-24 06:02:43,161 - INFO - ⏱️ PS2TRADEB cycle 82: checking 5 pairs
2026-05-24 06:02:43,161 - INFO - ⏱️ PS2TRADEB cycle 82: checking 5 pairs
2026-05-24 06:03:44,456 - INFO - ⏱️ PS2TRADEB cycle 84: checking 5 pairs
2026-05-24 06:03:44,456 - INFO - ⏱️ PS2TRADEB cycle 84: checking 5 pairs
2026-05-24 06:04:35,797 - INFO - ================================================================================
2026-05-24 06:04:35,797 - INFO - ================================================================================
2026-05-24 06:04:35,797 - INFO - 🚀 PS2TRADEB v3.1 PRODUCTION - PAPER TRADING
2026-05-24 06:04:35,797 - INFO - 🚀 PS2TRADEB v3.1 PRODUCTION - PAPER TRADING
2026-05-24 06:04:35,797 - INFO - ================================================================================
2026-05-24 06:04:35,797 - INFO - ================================================================================
2026-05-24 06:04:35,797 - INFO - 🔐 Validating Binance API credentials...
2026-05-24 06:04:35,797 - INFO - 🔐 Validating Binance API credentials...
2026-05-24 06:04:35,797 - INFO - ✅ Credentials format validated
2026-05-24 06:04:35,797 - INFO - ✅ Credentials format validated
2026-05-24 06:04:35,797 - INFO - ✅ PS2TRADEB: Paper API connected
2026-05-24 06:04:35,797 - INFO - ✅ PS2TRADEB: Paper API connected
2026-05-24 06:04:35,907 - ERROR - ❌ PS2TRADEB: HTTP 400 - {"code":-1102,"msg":"Mandatory parameter 'signature' was not sent, was empty/null, or malformed."}
2026-05-24 06:04:35,907 - ERROR - ❌ PS2TRADEB: HTTP 400 - {"code":-1102,"msg":"Mandatory parameter 'signature' was not sent, was empty/null, or malformed."}
2026-05-24 06:04:35,907 - INFO - 🚀 Starting trading loop...
2026-05-24 06:04:35,907 - INFO - 🚀 Starting trading loop...
2026-05-24 06:05:07,021 - INFO - ⏱️ PS2TRADEB cycle 2: checking 5 pairs
2026-05-24 06:05:07,021 - INFO - ⏱️ PS2TRADEB cycle 2: checking 5 pairs
2026-05-24 06:06:08,302 - INFO - ⏱️ PS2TRADEB cycle 4: checking 5 pairs
2026-05-24 06:06:08,302 - INFO - ⏱️ PS2TRADEB cycle 4: checking 5 pairs
2026-05-24 06:07:09,529 - INFO - ⏱️ PS2TRADEB cycle 6: checking 5 pairs
2026-05-24 06:07:09,529 - INFO - ⏱️ PS2TRADEB cycle 6: checking 5 pairs
2026-05-24 06:08:10,764 - INFO - ⏱️ PS2TRADEB cycle 8: checking 5 pairs
2026-05-24 06:08:10,764 - INFO - ⏱️ PS2TRADEB cycle 8: checking 5 pairs
2026-05-24 06:08:20,761 - INFO - ================================================================================
2026-05-24 06:08:20,761 - INFO - ================================================================================
2026-05-24 06:08:20,761 - INFO - 🚀 PS2TRADEB v3.1 PRODUCTION - PAPER TRADING
2026-05-24 06:08:20,761 - INFO - 🚀 PS2TRADEB v3.1 PRODUCTION - PAPER TRADING
2026-05-24 06:08:20,761 - INFO - ================================================================================
2026-05-24 06:08:20,761 - INFO - ================================================================================
2026-05-24 06:08:20,761 - INFO - 🔐 Validating Binance API credentials...
2026-05-24 06:08:20,761 - INFO - 🔐 Validating Binance API credentials...
2026-05-24 06:08:20,761 - INFO - ✅ Credentials format validated
2026-05-24 06:08:20,761 - INFO - ✅ Credentials format validated
2026-05-24 06:08:20,761 - INFO - ✅ PS2TRADEB: Paper API connected
2026-05-24 06:08:20,761 - INFO - ✅ PS2TRADEB: Paper API connected
2026-05-24 06:08:20,898 - ERROR - ❌ PS2TRADEB: Unauthorized - Invalid API Key or Secret
2026-05-24 06:08:20,898 - ERROR - ❌ PS2TRADEB: Unauthorized - Invalid API Key or Secret
2026-05-24 06:08:20,898 - ERROR -    Please check your .env file credentials
2026-05-24 06:08:20,898 - ERROR -    Please check your .env file credentials
2026-05-24 06:08:20,898 - INFO - 🚀 Starting trading loop...
2026-05-24 06:08:20,898 - INFO - 🚀 Starting trading loop...
2026-05-24 06:08:52,150 - INFO - ⏱️ PS2TRADEB cycle 2: checking 5 pairs
2026-05-24 06:08:52,150 - INFO - ⏱️ PS2TRADEB cycle 2: checking 5 pairs
2026-05-24 06:09:02,097 - INFO - ================================================================================
2026-05-24 06:09:02,097 - INFO - ================================================================================
2026-05-24 06:09:02,097 - INFO - 🚀 PS2TRADEB v3.1 PRODUCTION - PAPER TRADING
2026-05-24 06:09:02,097 - INFO - 🚀 PS2TRADEB v3.1 PRODUCTION - PAPER TRADING
2026-05-24 06:09:02,097 - INFO - ================================================================================
2026-05-24 06:09:02,097 - INFO - ================================================================================
2026-05-24 06:09:02,097 - INFO - 🔐 Validating Binance API credentials...
2026-05-24 06:09:02,097 - INFO - 🔐 Validating Binance API credentials...
2026-05-24 06:09:02,097 - INFO - ✅ Credentials format validated
2026-05-24 06:09:02,097 - INFO - ✅ Credentials format validated
2026-05-24 06:09:02,097 - INFO - ✅ PS2TRADEB: Paper API connected
2026-05-24 06:09:02,097 - INFO - ✅ PS2TRADEB: Paper API connected
2026-05-24 06:09:02,238 - ERROR - ❌ PS2TRADEB: Unauthorized - Invalid API Key or Secret
2026-05-24 06:09:02,238 - ERROR - ❌ PS2TRADEB: Unauthorized - Invalid API Key or Secret
2026-05-24 06:09:02,239 - ERROR -    Please check your .env file credentials
2026-05-24 06:09:02,239 - ERROR -    Please check your .env file credentials
2026-05-24 06:09:02,239 - INFO - 🚀 Starting trading loop...
2026-05-24 06:09:02,239 - INFO - 🚀 Starting trading loop...
2026-05-24 06:09:33,502 - INFO - ⏱️ PS2TRADEB cycle 2: checking 5 pairs
2026-05-24 06:09:33,502 - INFO - ⏱️ PS2TRADEB cycle 2: checking 5 pairs
2026-05-24 06:10:34,746 - INFO - ⏱️ PS2TRADEB cycle 4: checking 5 pairs
2026-05-24 06:10:34,746 - INFO - ⏱️ PS2TRADEB cycle 4: checking 5 pairs
2026-05-24 06:11:35,990 - INFO - ⏱️ PS2TRADEB cycle 6: checking 5 pairs
2026-05-24 06:11:35,990 - INFO - ⏱️ PS2TRADEB cycle 6: checking 5 pairs
2026-05-24 06:12:37,136 - INFO - ⏱️ PS2TRADEB cycle 8: checking 5 pairs
2026-05-24 06:12:37,136 - INFO - ⏱️ PS2TRADEB cycle 8: checking 5 pairs
2026-05-24 06:13:38,332 - INFO - ⏱️ PS2TRADEB cycle 10: checking 5 pairs
2026-05-24 06:13:38,332 - INFO - ⏱️ PS2TRADEB cycle 10: checking 5 pairs
2026-05-24 06:14:39,733 - INFO - ⏱️ PS2TRADEB cycle 12: checking 5 pairs
2026-05-24 06:14:39,733 - INFO - ⏱️ PS2TRADEB cycle 12: checking 5 pairs
2026-05-24 06:15:40,943 - INFO - ⏱️ PS2TRADEB cycle 14: checking 5 pairs
2026-05-24 06:15:40,943 - INFO - ⏱️ PS2TRADEB cycle 14: checking 5 pairs
2026-05-24 06:16:42,145 - INFO - ⏱️ PS2TRADEB cycle 16: checking 5 pairs
2026-05-24 06:16:42,145 - INFO - ⏱️ PS2TRADEB cycle 16: checking 5 pairs
2026-05-24 06:17:43,365 - INFO - ⏱️ PS2TRADEB cycle 18: checking 5 pairs
2026-05-24 06:17:43,365 - INFO - ⏱️ PS2TRADEB cycle 18: checking 5 pairs
